<?xml version="1.0" encoding="UTF-8"?>
<testng-results ignored="0" total="1" passed="1" failed="0" skipped="0">
  <reporter-output>
  </reporter-output>
  <suite started-at="2025-05-22T09:25:34 SGT" name="Default suite" finished-at="2025-05-22T09:25:43 SGT" duration-ms="9160">
    <groups>
    </groups>
    <test started-at="2025-05-22T09:25:34 SGT" name="Default test" finished-at="2025-05-22T09:25:43 SGT" duration-ms="9160">
      <class name="com.selenium.qa.selenium_pos.RateCalculatorTest">
        <test-method is-config="true" signature="setUp()[pri:0, instance:com.selenium.qa.selenium_pos.RateCalculatorTest@9d5509a]" started-at="2025-05-22T09:25:34 SGT" name="setUp" finished-at="2025-05-22T09:25:41 SGT" duration-ms="7238" status="PASS">
          <reporter-output>
          </reporter-output>
        </test-method> <!-- setUp -->
        <test-method signature="verifyQuoteIsDisplayedForMalaysiaToIndia()[pri:0, instance:com.selenium.qa.selenium_pos.RateCalculatorTest@9d5509a]" started-at="2025-05-22T09:25:41 SGT" name="verifyQuoteIsDisplayedForMalaysiaToIndia" finished-at="2025-05-22T09:25:43 SGT" duration-ms="1711" status="PASS">
          <reporter-output>
          </reporter-output>
        </test-method> <!-- verifyQuoteIsDisplayedForMalaysiaToIndia -->
        <test-method is-config="true" signature="tearDown()[pri:0, instance:com.selenium.qa.selenium_pos.RateCalculatorTest@9d5509a]" started-at="2025-05-22T09:25:43 SGT" name="tearDown" finished-at="2025-05-22T09:25:43 SGT" duration-ms="173" status="PASS">
          <reporter-output>
          </reporter-output>
        </test-method> <!-- tearDown -->
      </class> <!-- com.selenium.qa.selenium_pos.RateCalculatorTest -->
    </test> <!-- Default test -->
  </suite> <!-- Default suite -->
</testng-results>
